<?xml version="1.0" encoding="UTF-8"?>
<!-- Generated by org.testng.reporters.JUnitReportReporter -->
<testsuite skipped="0" hostname="DESKTOP-FVRAVKU" name="testcases.suite.stock.AddStockTest" tests="1" failures="0" timestamp="2021-09-28T07:11:04 IST" time="6.164" errors="0">
  <testcase name="addStockTest" time="6.164" classname="testcases.suite.stock.AddStockTest"/>
</testsuite> <!-- testcases.suite.stock.AddStockTest -->
