<?xml version="1.0" encoding="UTF-8"?>
<!-- Generated by org.testng.reporters.JUnitReportReporter -->
<testsuite skipped="2" hostname="DESKTOP-FVRAVKU" name="testcases.suite.portfolio.CreatePortfolioTest" tests="3" failures="0" timestamp="2021-09-28T07:11:04 IST" time="70.361" errors="0">
  <testcase name="createPortFolio" time="1.074" classname="testcases.suite.portfolio.CreatePortfolioTest">
    <skipped/>
  </testcase> <!-- createPortFolio -->
  <testcase name="createPortFolio" time="68.510" classname="testcases.suite.portfolio.CreatePortfolioTest"/>
  <testcase name="createPortFolio" time="0.777" classname="testcases.suite.portfolio.CreatePortfolioTest">
    <skipped/>
  </testcase> <!-- createPortFolio -->
</testsuite> <!-- testcases.suite.portfolio.CreatePortfolioTest -->
